2023-03-20 08:55:20.563 [main] INFO  com.project.etp.hrm.HrmApplication - Starting HrmApplication on SD-20190630MDLX with PID 772 (F:\javaProjects\liu-huayi-hd\target\classes started by Administrator in F:\javaProjects\liu-huayi-hd)
2023-03-20 08:55:20.602 [main] INFO  com.project.etp.hrm.HrmApplication - No active profile set, falling back to default profiles: default
2023-03-20 08:55:23.197 [main] INFO  c.u.j.c.EnableEncryptablePropertiesBeanFactoryPostProcessor - Post-processing PropertySource instances
2023-03-20 08:55:23.369 [main] INFO  c.u.j.EncryptablePropertySourceConverter - Converting PropertySource configurationProperties [org.springframework.boot.context.properties.source.ConfigurationPropertySourcesPropertySource] to AOP Proxy
2023-03-20 08:55:23.385 [main] INFO  c.u.j.EncryptablePropertySourceConverter - Converting PropertySource servletConfigInitParams [org.springframework.core.env.PropertySource$StubPropertySource] to EncryptablePropertySourceWrapper
2023-03-20 08:55:23.385 [main] INFO  c.u.j.EncryptablePropertySourceConverter - Converting PropertySource servletContextInitParams [org.springframework.core.env.PropertySource$StubPropertySource] to EncryptablePropertySourceWrapper
2023-03-20 08:55:23.385 [main] INFO  c.u.j.EncryptablePropertySourceConverter - Converting PropertySource systemProperties [org.springframework.core.env.PropertiesPropertySource] to EncryptableMapPropertySourceWrapper
2023-03-20 08:55:23.385 [main] INFO  c.u.j.EncryptablePropertySourceConverter - Converting PropertySource systemEnvironment [org.springframework.boot.env.SystemEnvironmentPropertySourceEnvironmentPostProcessor$OriginAwareSystemEnvironmentPropertySource] to EncryptableMapPropertySourceWrapper
2023-03-20 08:55:23.385 [main] INFO  c.u.j.EncryptablePropertySourceConverter - Converting PropertySource random [org.springframework.boot.env.RandomValuePropertySource] to EncryptablePropertySourceWrapper
2023-03-20 08:55:23.385 [main] INFO  c.u.j.EncryptablePropertySourceConverter - Converting PropertySource applicationConfig: [classpath:/application.properties] [org.springframework.boot.env.OriginTrackedMapPropertySource] to EncryptableMapPropertySourceWrapper
2023-03-20 08:55:23.385 [main] INFO  c.u.j.EncryptablePropertySourceConverter - Converting PropertySource class path resource [application.properties] [org.springframework.core.io.support.ResourcePropertySource] to EncryptableMapPropertySourceWrapper
2023-03-20 08:55:23.463 [main] INFO  c.u.j.filter.DefaultLazyPropertyFilter - Property Filter custom Bean not found with name 'encryptablePropertyFilter'. Initializing Default Property Filter
2023-03-20 08:55:23.791 [main] INFO  c.u.j.resolver.DefaultLazyPropertyResolver - Property Resolver custom Bean not found with name 'encryptablePropertyResolver'. Initializing Default Property Resolver
2023-03-20 08:55:23.791 [main] INFO  c.u.j.detector.DefaultLazyPropertyDetector - Property Detector custom Bean not found with name 'encryptablePropertyDetector'. Initializing Default Property Detector
2023-03-20 08:55:24.291 [main] INFO  o.s.boot.web.embedded.tomcat.TomcatWebServer - Tomcat initialized with port(s): 10010 (http)
2023-03-20 08:55:24.353 [main] INFO  org.apache.coyote.http11.Http11NioProtocol - Initializing ProtocolHandler ["http-nio-10010"]
2023-03-20 08:55:24.353 [main] INFO  org.apache.catalina.core.StandardService - Starting service [Tomcat]
2023-03-20 08:55:24.353 [main] INFO  org.apache.catalina.core.StandardEngine - Starting Servlet engine: [Apache Tomcat/9.0.45]
2023-03-20 08:55:24.650 [main] INFO  o.a.c.c.C.[Tomcat].[localhost].[/huayi-hrm] - Initializing Spring embedded WebApplicationContext
2023-03-20 08:55:24.650 [main] INFO  o.s.b.w.s.c.ServletWebServerApplicationContext - Root WebApplicationContext: initialization completed in 3600 ms
2023-03-20 08:55:25.181 [main] INFO  c.a.d.s.b.a.DruidDataSourceAutoConfigure - Init DruidDataSource
2023-03-20 08:55:25.541 [main] INFO  c.u.j.encryptor.DefaultLazyEncryptor - String Encryptor custom Bean not found with name 'jasyptStringEncryptor'. Initializing Default String Encryptor
2023-03-20 08:55:25.556 [main] INFO  c.u.j.encryptor.DefaultLazyEncryptor - Encryptor config not found for property jasypt.encryptor.algorithm, using default value: PBEWithMD5AndDES
2023-03-20 08:55:25.556 [main] INFO  c.u.j.encryptor.DefaultLazyEncryptor - Encryptor config not found for property jasypt.encryptor.keyObtentionIterations, using default value: 1000
2023-03-20 08:55:25.556 [main] INFO  c.u.j.encryptor.DefaultLazyEncryptor - Encryptor config not found for property jasypt.encryptor.poolSize, using default value: 1
2023-03-20 08:55:25.556 [main] INFO  c.u.j.encryptor.DefaultLazyEncryptor - Encryptor config not found for property jasypt.encryptor.providerName, using default value: null
2023-03-20 08:55:25.556 [main] INFO  c.u.j.encryptor.DefaultLazyEncryptor - Encryptor config not found for property jasypt.encryptor.providerClassName, using default value: null
2023-03-20 08:55:25.556 [main] INFO  c.u.j.encryptor.DefaultLazyEncryptor - Encryptor config not found for property jasypt.encryptor.saltGeneratorClassname, using default value: org.jasypt.salt.RandomSaltGenerator
2023-03-20 08:55:25.573 [main] INFO  c.u.j.encryptor.DefaultLazyEncryptor - Encryptor config not found for property jasypt.encryptor.stringOutputType, using default value: base64
2023-03-20 08:55:27.478 [main] INFO  com.alibaba.druid.pool.DruidDataSource - {dataSource-1} inited
2023-03-20 08:55:27.493 [main] INFO  org.apache.catalina.core.StandardService - Stopping service [Tomcat]
2023-03-20 08:55:27.540 [main] INFO  o.s.b.a.l.ConditionEvaluationReportLoggingListener - 

Error starting ApplicationContext. To display the conditions report re-run your application with 'debug' enabled.
2023-03-20 08:55:27.618 [Druid-ConnectionPool-Create-1451516720] INFO  com.alibaba.druid.pool.DruidAbstractDataSource - {dataSource-1} failContinuous is true
2023-03-20 08:57:30.735 [main] INFO  com.project.etp.hrm.HrmApplication - Starting HrmApplication on SD-20190630MDLX with PID 2580 (F:\javaProjects\liu-huayi-hd\target\classes started by Administrator in F:\javaProjects\liu-huayi-hd)
2023-03-20 08:57:30.735 [main] INFO  com.project.etp.hrm.HrmApplication - No active profile set, falling back to default profiles: default
2023-03-20 08:57:31.548 [main] INFO  c.u.j.c.EnableEncryptablePropertiesBeanFactoryPostProcessor - Post-processing PropertySource instances
2023-03-20 08:57:31.610 [main] INFO  c.u.j.EncryptablePropertySourceConverter - Converting PropertySource configurationProperties [org.springframework.boot.context.properties.source.ConfigurationPropertySourcesPropertySource] to AOP Proxy
2023-03-20 08:57:31.610 [main] INFO  c.u.j.EncryptablePropertySourceConverter - Converting PropertySource servletConfigInitParams [org.springframework.core.env.PropertySource$StubPropertySource] to EncryptablePropertySourceWrapper
2023-03-20 08:57:31.610 [main] INFO  c.u.j.EncryptablePropertySourceConverter - Converting PropertySource servletContextInitParams [org.springframework.core.env.PropertySource$StubPropertySource] to EncryptablePropertySourceWrapper
2023-03-20 08:57:31.610 [main] INFO  c.u.j.EncryptablePropertySourceConverter - Converting PropertySource systemProperties [org.springframework.core.env.PropertiesPropertySource] to EncryptableMapPropertySourceWrapper
2023-03-20 08:57:31.610 [main] INFO  c.u.j.EncryptablePropertySourceConverter - Converting PropertySource systemEnvironment [org.springframework.boot.env.SystemEnvironmentPropertySourceEnvironmentPostProcessor$OriginAwareSystemEnvironmentPropertySource] to EncryptableMapPropertySourceWrapper
2023-03-20 08:57:31.610 [main] INFO  c.u.j.EncryptablePropertySourceConverter - Converting PropertySource random [org.springframework.boot.env.RandomValuePropertySource] to EncryptablePropertySourceWrapper
2023-03-20 08:57:31.610 [main] INFO  c.u.j.EncryptablePropertySourceConverter - Converting PropertySource applicationConfig: [classpath:/application.properties] [org.springframework.boot.env.OriginTrackedMapPropertySource] to EncryptableMapPropertySourceWrapper
2023-03-20 08:57:31.610 [main] INFO  c.u.j.EncryptablePropertySourceConverter - Converting PropertySource class path resource [application.properties] [org.springframework.core.io.support.ResourcePropertySource] to EncryptableMapPropertySourceWrapper
2023-03-20 08:57:31.657 [main] INFO  c.u.j.filter.DefaultLazyPropertyFilter - Property Filter custom Bean not found with name 'encryptablePropertyFilter'. Initializing Default Property Filter
2023-03-20 08:57:31.782 [main] INFO  c.u.j.resolver.DefaultLazyPropertyResolver - Property Resolver custom Bean not found with name 'encryptablePropertyResolver'. Initializing Default Property Resolver
2023-03-20 08:57:31.782 [main] INFO  c.u.j.detector.DefaultLazyPropertyDetector - Property Detector custom Bean not found with name 'encryptablePropertyDetector'. Initializing Default Property Detector
2023-03-20 08:57:31.970 [main] INFO  o.s.boot.web.embedded.tomcat.TomcatWebServer - Tomcat initialized with port(s): 10010 (http)
2023-03-20 08:57:31.985 [main] INFO  org.apache.coyote.http11.Http11NioProtocol - Initializing ProtocolHandler ["http-nio-10010"]
2023-03-20 08:57:31.985 [main] INFO  org.apache.catalina.core.StandardService - Starting service [Tomcat]
2023-03-20 08:57:31.985 [main] INFO  org.apache.catalina.core.StandardEngine - Starting Servlet engine: [Apache Tomcat/9.0.45]
2023-03-20 08:57:32.110 [main] INFO  o.a.c.c.C.[Tomcat].[localhost].[/huayi-hrm] - Initializing Spring embedded WebApplicationContext
2023-03-20 08:57:32.110 [main] INFO  o.s.b.w.s.c.ServletWebServerApplicationContext - Root WebApplicationContext: initialization completed in 1312 ms
2023-03-20 08:57:32.329 [main] INFO  c.a.d.s.b.a.DruidDataSourceAutoConfigure - Init DruidDataSource
2023-03-20 08:57:32.407 [main] INFO  c.u.j.encryptor.DefaultLazyEncryptor - String Encryptor custom Bean not found with name 'jasyptStringEncryptor'. Initializing Default String Encryptor
2023-03-20 08:57:32.407 [main] INFO  c.u.j.encryptor.DefaultLazyEncryptor - Encryptor config not found for property jasypt.encryptor.algorithm, using default value: PBEWithMD5AndDES
2023-03-20 08:57:32.407 [main] INFO  c.u.j.encryptor.DefaultLazyEncryptor - Encryptor config not found for property jasypt.encryptor.keyObtentionIterations, using default value: 1000
2023-03-20 08:57:32.407 [main] INFO  c.u.j.encryptor.DefaultLazyEncryptor - Encryptor config not found for property jasypt.encryptor.poolSize, using default value: 1
2023-03-20 08:57:32.407 [main] INFO  c.u.j.encryptor.DefaultLazyEncryptor - Encryptor config not found for property jasypt.encryptor.providerName, using default value: null
2023-03-20 08:57:32.407 [main] INFO  c.u.j.encryptor.DefaultLazyEncryptor - Encryptor config not found for property jasypt.encryptor.providerClassName, using default value: null
2023-03-20 08:57:32.407 [main] INFO  c.u.j.encryptor.DefaultLazyEncryptor - Encryptor config not found for property jasypt.encryptor.saltGeneratorClassname, using default value: org.jasypt.salt.RandomSaltGenerator
2023-03-20 08:57:32.407 [main] INFO  c.u.j.encryptor.DefaultLazyEncryptor - Encryptor config not found for property jasypt.encryptor.stringOutputType, using default value: base64
2023-03-20 08:57:33.485 [main] INFO  com.alibaba.druid.pool.DruidDataSource - {dataSource-1} inited
2023-03-20 08:57:34.986 [main] INFO  o.s.scheduling.concurrent.ThreadPoolTaskExecutor - Initializing ExecutorService 'applicationTaskExecutor'
2023-03-20 08:57:35.376 [main] INFO  org.apache.coyote.http11.Http11NioProtocol - Starting ProtocolHandler ["http-nio-10010"]
2023-03-20 08:57:35.392 [main] INFO  o.s.boot.web.embedded.tomcat.TomcatWebServer - Tomcat started on port(s): 10010 (http) with context path '/huayi-hrm'
2023-03-20 08:57:35.408 [main] INFO  com.project.etp.hrm.HrmApplication - Started HrmApplication in 5.414 seconds (JVM running for 6.85)
